<?xml version="1.0" encoding="UTF-8"?>
<!-- Generated by org.testng.reporters.JUnitReportReporter -->
<testsuite hostname="LAPTOP-GHHFOS1Q" failures="0" tests="3" name="tests.GetCountryTest" time="2.967" errors="0" timestamp="2025-02-08T14:54:51 IST" skipped="0">
  <testcase classname="tests.GetCountryTest" name="testGetCountryByTranslation" time="0.652"/>
  <system-out/>
  <testcase classname="tests.GetCountryTest" name="testGetCountryByTranslation" time="1.622"/>
  <system-out/>
  <testcase classname="tests.GetCountryTest" name="testGetCountryByTranslation" time="0.693"/>
  <system-out/>
</testsuite> <!-- tests.GetCountryTest -->
