<?xml version="1.0" encoding="UTF-8"?>
<testng-results ignored="0" total="3" passed="3" failed="0" skipped="0">
  <reporter-output>
  </reporter-output>
  <suite started-at="2025-02-08T14:54:47 IST" name="RestAssured API Test Suite" finished-at="2025-02-08T14:54:51 IST" duration-ms="4165">
    <groups>
    </groups>
    <test started-at="2025-02-08T14:54:47 IST" name="Country API Test" finished-at="2025-02-08T14:54:51 IST" duration-ms="4165">
      <class name="tests.GetCountryTest">
        <test-method is-config="true" signature="setup()[pri:0, instance:tests.GetCountryTest@18d87d80]" started-at="2025-02-08T14:54:47 IST" name="setup" finished-at="2025-02-08T14:54:48 IST" duration-ms="422" status="PASS">
          <reporter-output>
          </reporter-output>
        </test-method> <!-- setup -->
        <test-method signature="testGetCountryByTranslation(java.lang.String)[pri:0, instance:tests.GetCountryTest@18d87d80]" started-at="2025-02-08T14:54:48 IST" name="testGetCountryByTranslation" data-provider="countryNames" finished-at="2025-02-08T14:54:50 IST" duration-ms="1622" status="PASS">
          <params>
            <param index="0">
              <value>
                <![CDATA[Germany]]>
              </value>
            </param>
          </params>
          <reporter-output>
          </reporter-output>
        </test-method> <!-- testGetCountryByTranslation -->
        <test-method signature="testGetCountryByTranslation(java.lang.String)[pri:0, instance:tests.GetCountryTest@18d87d80]" started-at="2025-02-08T14:54:50 IST" name="testGetCountryByTranslation" data-provider="countryNames" finished-at="2025-02-08T14:54:51 IST" duration-ms="693" status="PASS">
          <params>
            <param index="0">
              <value>
                <![CDATA[Alemania]]>
              </value>
            </param>
          </params>
          <reporter-output>
          </reporter-output>
        </test-method> <!-- testGetCountryByTranslation -->
        <test-method signature="testGetCountryByTranslation(java.lang.String)[pri:0, instance:tests.GetCountryTest@18d87d80]" started-at="2025-02-08T14:54:51 IST" name="testGetCountryByTranslation" data-provider="countryNames" finished-at="2025-02-08T14:54:51 IST" duration-ms="652" status="PASS">
          <params>
            <param index="0">
              <value>
                <![CDATA[Saksamaa]]>
              </value>
            </param>
          </params>
          <reporter-output>
          </reporter-output>
        </test-method> <!-- testGetCountryByTranslation -->
      </class> <!-- tests.GetCountryTest -->
    </test> <!-- Country API Test -->
  </suite> <!-- RestAssured API Test Suite -->
</testng-results>
