<?xml version="1.0" encoding="UTF-8"?>
<!-- Generated by org.testng.reporters.JUnitXMLReporter -->
<testsuite ignored="0" hostname="LAPTOP-GHHFOS1Q" failures="1" tests="1" name="Cucumber Test" time="47.614" errors="0" timestamp="2025-02-08T13:58:03 IST">
  <testcase classname="io.cucumber.testng.AbstractTestNGCucumberTests" name="runScenario" time="46.687">
    <failure type="java.lang.AssertionError" message="expected [The Internet] but found []">
      <![CDATA[java.lang.AssertionError: expected [The Internet] but found []
at stepDefinitions.StepDefinitions.iVerifyThePageTitleAs(StepDefinitions.java:26)
at ✽.I verify the page title as "The Internet"(file:///E:/SDET%20Assignment/Project/CapStone/Selenium_With_Java/src/test/resources/features/Capstone.feature:5)
... Removed 6 stack frames]]>
    </failure>
  </testcase> <!-- runScenario -->
</testsuite> <!-- Cucumber Test -->
