<?xml version="1.0" encoding="UTF-8"?>
<!-- Generated by org.testng.reporters.JUnitXMLReporter -->
<testsuite ignored="0" hostname="LAPTOP-GHHFOS1Q" failures="0" tests="3" name="Country API Test" time="4.165" errors="0" timestamp="2025-02-08T14:54:51 IST">
  <testcase classname="tests.GetCountryTest" name="testGetCountryByTranslation" time="1.622"/>
  <testcase classname="tests.GetCountryTest" name="testGetCountryByTranslation" time="0.693"/>
  <testcase classname="tests.GetCountryTest" name="testGetCountryByTranslation" time="0.652"/>
</testsuite> <!-- Country API Test -->
